infile = g/NQF0002_full.json outfile = h/NQF0002_full.json
***Processing section IPP
Single child...typcode = SBS
Single child...typcode = COMP
Single child...typcode = SBS
Single child...typcode = COMP
section 
IPP.0
section birthdate
IPP.0.0.0
section measurement_period
IPP.1
section birthdate
IPP.1.0.0
section measurement_period
mergedatetiminginterval -- section IPP.0 depth = 1 title Patient characteristic: birth date ph_id = birthdate
mergedatetiminginterval -- section IPP.1 depth = 1 title Patient characteristic: birth date ph_id = birthdate
emitCode n1 status = emit pattern = datetiminginterval type = date_single value = dateTimingInterval(birthdate, measurement_period.start, measurement_period.end, SBS, 2, 0 a, none, true, true ) depth = section['depth]
emitCode n2 status = emit pattern = datetiminginterval type = date_single value = dateTimingInterval(birthdate, measurement_period.start, measurement_period.end, SBS, 18, 0 a, none, true, true ) depth = section['depth]
mergeEventListDuringIntervalFlat -- section depth = 1 title  ph_id = 
mergeEventListDuringIntervalFlat -- section depth = 1 title  ph_id = 
   echild type = date_single  typecode = PRCN
   echild type = date_single  typecode = PRCN
mergeEventListTimingInterval -- section depth = 1 title  ph_id = 
Too many children 2
mergeEventListTimingEventListFlat -- section IPP  typecode 
***End of loop...@@change = true
mergeEventListDuringIntervalFlat -- section depth = 1 title  ph_id = 
mergeEventListDuringIntervalFlat -- section depth = 1 title  ph_id = 
   echild type = date_single  typecode = PRCN
   echild type = date_single  typecode = PRCN
mergeEventListTimingInterval -- section depth = 1 title  ph_id = 
Too many children 2
mergeEventListTimingEventListFlat -- section IPP  typecode 
***End of loop...@@change = false
***Processing section DENOM
Single child...typcode = DURING
Single child...typcode = COMP
Single child...typcode = DURING
Single child...typcode = COMP
Single child...typcode = DURING
Single child...typcode = COMP
Single child...typcode = DURING
Single child...typcode = COMP
Single child...typcode = COMP
Single child...typcode = COMP
Single child...typcode = COMP
section 
DENOM.0
section 
DENOM.1
section measure.encounter_ambulatory_including_pediatrics_encounter
DENOM.1.0.0
section measurement_period
DENOM.2
section measure.pharyngitis_diagnosis_active
DENOM.2.0.0
section measure.encounter_ambulatory_including_pediatrics_encounter
DENOM.2.0.0.0.0
section measurement_period
DENOM.3
section 
DENOM.3.0
section measure.encounter_ambulatory_including_pediatrics_encounter
DENOM.3.0.0.0
section measurement_period
DENOM.3.1
section 
DENOM.3.1.0
section measure.pharyngitis_antibiotics_medication_dispensed
DENOM.3.1.1
section measure.pharyngitis_antibiotics_medication_order
DENOM.3.1.2
section measure.pharyngitis_antibiotics_medication_active
mergeEventListDuringInterval -- section depth = 1 title Encounter: encounter ambulatory including pediatrics ph_id = measure.encounter_ambulatory_including_pediatrics_encounter
mergeEventListDuringInterval -- section depth = 1 title Encounter: encounter ambulatory including pediatrics ph_id = measure.encounter_ambulatory_including_pediatrics_encounter
emitCode n4 status = emit pattern = eventlistduringinterval type = event_list value = eventsDuring(measure.encounter_ambulatory_including_pediatrics_encounter, measurement_period.start, measurement_period.end) depth = section['depth]
emitCode n4 status = emit pattern = eventlistduringinterval type = event_list value = eventsDuring(measure.encounter_ambulatory_including_pediatrics_encounter, measurement_period.start, measurement_period.end) depth = section['depth]
emitCode n3 status = emit pattern = merged_value_sets type = event_list value = normalize(measure.pharyngitis_antibiotics_medication_dispensed, measure.pharyngitis_antibiotics_medication_order, measure.pharyngitis_antibiotics_medication_active) depth = section['depth]
mergeEventListDuringIntervalFlat -- section depth = 3 title  ph_id = 
mergeEventListDuringIntervalFlat -- section depth = 0 title Initial Patient Population ph_id = 
mergeEventListDuringIntervalFlat -- section depth = 0 title Encounter: encounter ambulatory including pediatrics ph_id = measure.encounter_ambulatory_including_pediatrics_encounter
mergeEventListDuringIntervalFlat -- section depth = 2 title Diagnosis active: pharyngitis ph_id = measure.pharyngitis_diagnosis_active
mergeEventListDuringIntervalFlat -- section depth = 1 title  ph_id = measure.encounter_ambulatory_including_pediatrics_encounter
    section has children = 1
mergeEventListDuringIntervalFlat -- section depth = 2 title  ph_id = 
mergeEventListDuringIntervalFlat -- section depth = 0 title Encounter: encounter ambulatory including pediatrics ph_id = measure.encounter_ambulatory_including_pediatrics_encounter
mergeEventListDuringIntervalFlat -- section depth = 1 title  ph_id = 
    section has children = 1
mergeEventListTimingInterval -- section depth = 3 title  ph_id = 
mergeEventListTimingInterval -- section depth = 0 title Initial Patient Population ph_id = 
mergeEventListTimingInterval -- section depth = 0 title Encounter: encounter ambulatory including pediatrics ph_id = measure.encounter_ambulatory_including_pediatrics_encounter
mergeEventListTimingInterval -- section depth = 2 title Diagnosis active: pharyngitis ph_id = measure.pharyngitis_diagnosis_active
mergeEventListTimingInterval -- section depth = 1 title  ph_id = measure.encounter_ambulatory_including_pediatrics_encounter
$$$ section type = event_list sectiontypecode = DURING  childtypecode = DURING
mergeEventListTimingInterval -- section depth = 2 title  ph_id = 
mergeEventListTimingInterval -- section depth = 0 title Encounter: encounter ambulatory including pediatrics ph_id = measure.encounter_ambulatory_including_pediatrics_encounter
mergeEventListTimingInterval -- section depth = 1 title  ph_id = 
$$$ section type = unknown sectiontypecode = SBS  childtypecode = 
mergeEventListTimingEventList -- section DENOM.2 depth = 2 title Diagnosis active: pharyngitis ph_id = measure.pharyngitis_diagnosis_active
mergeEventListTimingEventList -- section DENOM.3 depth = 2 title  ph_id = 
emitCode n5 status = emit pattern = eventlisttimingeventlist type = event_list value = eventsTimingEvents(n4, n3, SBS, 3,0, days, d, true, true) depth = section['depth]
mergeEventListTimingEventListFlat -- section DENOM.2.0.0  typecode DURING
***End of loop...@@change = true
mergeEventListDuringIntervalFlat -- section depth = 3 title  ph_id = 
mergeEventListDuringIntervalFlat -- section depth = 0 title Initial Patient Population ph_id = 
mergeEventListDuringIntervalFlat -- section depth = 0 title Encounter: encounter ambulatory including pediatrics ph_id = measure.encounter_ambulatory_including_pediatrics_encounter
mergeEventListDuringIntervalFlat -- section depth = 2 title Diagnosis active: pharyngitis ph_id = measure.pharyngitis_diagnosis_active
mergeEventListDuringIntervalFlat -- section depth = 1 title  ph_id = measure.encounter_ambulatory_including_pediatrics_encounter
    section has children = 1
mergeEventListDuringIntervalFlat -- section depth = 0 title  ph_id = 
mergeEventListTimingInterval -- section depth = 3 title  ph_id = 
mergeEventListTimingInterval -- section depth = 0 title Initial Patient Population ph_id = 
mergeEventListTimingInterval -- section depth = 0 title Encounter: encounter ambulatory including pediatrics ph_id = measure.encounter_ambulatory_including_pediatrics_encounter
mergeEventListTimingInterval -- section depth = 2 title Diagnosis active: pharyngitis ph_id = measure.pharyngitis_diagnosis_active
mergeEventListTimingInterval -- section depth = 1 title  ph_id = measure.encounter_ambulatory_including_pediatrics_encounter
$$$ section type = event_list sectiontypecode = DURING  childtypecode = DURING
mergeEventListTimingInterval -- section depth = 0 title  ph_id = 
mergeEventListTimingEventList -- section DENOM.2 depth = 2 title Diagnosis active: pharyngitis ph_id = measure.pharyngitis_diagnosis_active
mergeEventListTimingEventListFlat -- section DENOM.2.0.0  typecode DURING
***End of loop...@@change = false
***Processing section NUMER
Single child...typcode = DURING
Single child...typcode = COMP
Single child...typcode = COMP
Single child...typcode = COMP
Single child...typcode = COMP
Single child...typcode = EAS
Single child...typcode = COMP
Single child...typcode = DURING
Single child...typcode = COMP
Single child...typcode = COMP
Single child...typcode = COMP
Single child...typcode = COMP
Single child...typcode = SAE
Single child...typcode = COMP
section 
NUMER.0
section measure.group_a_streptococcus_test_laboratory_test_performed
NUMER.0.0.0
section 
NUMER.0.0.0.0
section measure.encounter_ambulatory_including_pediatrics_encounter
NUMER.0.0.0.0.0.0
section measurement_period
NUMER.0.0.0.1
section 
NUMER.0.0.0.1.0
section measure.pharyngitis_antibiotics_medication_dispensed
NUMER.0.0.0.1.1
section measure.pharyngitis_antibiotics_medication_order
NUMER.0.0.0.1.2
section measure.pharyngitis_antibiotics_medication_active
NUMER.1
section measure.group_a_streptococcus_test_laboratory_test_performed
NUMER.1.0.0
section 
NUMER.1.0.0.0
section measure.encounter_ambulatory_including_pediatrics_encounter
NUMER.1.0.0.0.0.0
section measurement_period
NUMER.1.0.0.1
section 
NUMER.1.0.0.1.0
section measure.pharyngitis_antibiotics_medication_dispensed
NUMER.1.0.0.1.1
section measure.pharyngitis_antibiotics_medication_order
NUMER.1.0.0.1.2
section measure.pharyngitis_antibiotics_medication_active
mergeEventListDuringInterval -- section depth = 1 title Encounter: encounter ambulatory including pediatrics ph_id = measure.encounter_ambulatory_including_pediatrics_encounter
mergeEventListDuringInterval -- section depth = 1 title Encounter: encounter ambulatory including pediatrics ph_id = measure.encounter_ambulatory_including_pediatrics_encounter
emitCode n7 status = emit pattern = eventlistduringinterval type = event_list value = eventsDuring(measure.encounter_ambulatory_including_pediatrics_encounter, measurement_period.start, measurement_period.end) depth = section['depth]
emitCode n6 status = emit pattern = merged_value_sets type = event_list value = normalize(measure.pharyngitis_antibiotics_medication_dispensed, measure.pharyngitis_antibiotics_medication_order, measure.pharyngitis_antibiotics_medication_active) depth = section['depth]
emitCode n7 status = emit pattern = eventlistduringinterval type = event_list value = eventsDuring(measure.encounter_ambulatory_including_pediatrics_encounter, measurement_period.start, measurement_period.end) depth = section['depth]
emitCode n6 status = emit pattern = merged_value_sets type = event_list value = normalize(measure.pharyngitis_antibiotics_medication_dispensed, measure.pharyngitis_antibiotics_medication_order, measure.pharyngitis_antibiotics_medication_active) depth = section['depth]
mergeEventListDuringIntervalFlat -- section depth = 4 title  ph_id = 
mergeEventListDuringIntervalFlat -- section depth = 3 title Laboratory test performed: Group A Streptococcus Test ph_id = measure.group_a_streptococcus_test_laboratory_test_performed
mergeEventListDuringIntervalFlat -- section depth = 2 title  ph_id = 
mergeEventListDuringIntervalFlat -- section depth = 0 title Encounter: encounter ambulatory including pediatrics ph_id = measure.encounter_ambulatory_including_pediatrics_encounter
mergeEventListDuringIntervalFlat -- section depth = 1 title  ph_id = 
    section has children = 1
mergeEventListDuringIntervalFlat -- section depth = 3 title Laboratory test performed: Group A Streptococcus Test ph_id = measure.group_a_streptococcus_test_laboratory_test_performed
mergeEventListDuringIntervalFlat -- section depth = 2 title  ph_id = 
mergeEventListDuringIntervalFlat -- section depth = 0 title Encounter: encounter ambulatory including pediatrics ph_id = measure.encounter_ambulatory_including_pediatrics_encounter
mergeEventListDuringIntervalFlat -- section depth = 1 title  ph_id = 
    section has children = 1
mergeEventListTimingInterval -- section depth = 4 title  ph_id = 
mergeEventListTimingInterval -- section depth = 3 title Laboratory test performed: Group A Streptococcus Test ph_id = measure.group_a_streptococcus_test_laboratory_test_performed
mergeEventListTimingInterval -- section depth = 2 title  ph_id = 
mergeEventListTimingInterval -- section depth = 0 title Encounter: encounter ambulatory including pediatrics ph_id = measure.encounter_ambulatory_including_pediatrics_encounter
mergeEventListTimingInterval -- section depth = 1 title  ph_id = 
$$$ section type = unknown sectiontypecode = SBS  childtypecode = 
mergeEventListTimingInterval -- section depth = 3 title Laboratory test performed: Group A Streptococcus Test ph_id = measure.group_a_streptococcus_test_laboratory_test_performed
mergeEventListTimingInterval -- section depth = 2 title  ph_id = 
mergeEventListTimingInterval -- section depth = 0 title Encounter: encounter ambulatory including pediatrics ph_id = measure.encounter_ambulatory_including_pediatrics_encounter
mergeEventListTimingInterval -- section depth = 1 title  ph_id = 
$$$ section type = unknown sectiontypecode = SBS  childtypecode = 
mergeEventListTimingEventList -- section NUMER.0.0.0 depth = 2 title  ph_id = 
mergeEventListTimingEventList -- section NUMER.1.0.0 depth = 2 title  ph_id = 
emitCode n8 status = emit pattern = eventlisttimingeventlist type = event_list value = eventsTimingEvents(n7, n6, SBS, 3,0, days, d, true, true) depth = section['depth]
emitCode n8 status = emit pattern = eventlisttimingeventlist type = event_list value = eventsTimingEvents(n7, n6, SBS, 3,0, days, d, true, true) depth = section['depth]
mergeEventListTimingEventListFlat -- section NUMER.0  typecode PRCN
mergeEventListTimingEventListFlat -- section NUMER.1  typecode PRCN
emitCode n9 status = emit pattern = eventlisttimingeventlistflat type = event_list value = eventsTimingEvents(measure.group_a_streptococcus_test_laboratory_test_performed, n8, true, EAS, 3,0, d, none, true, true) depth = section['depth]
emitCode n10 status = emit pattern = eventlisttimingeventlistflat type = event_list value = eventsTimingEvents(measure.group_a_streptococcus_test_laboratory_test_performed, n8, false, SAE, 3,0, d, none, true, true) depth = section['depth]
***End of loop...@@change = true
mergeEventListDuringIntervalFlat -- section depth = 1 title  ph_id = 
mergeEventListDuringIntervalFlat -- section depth = 1 title  ph_id = 
   echild type = event_list  typecode = PRCN
   echild type = event_list  typecode = PRCN
mergeEventListTimingInterval -- section depth = 1 title  ph_id = 
Too many children 2
mergeEventListTimingEventListFlat -- section NUMER  typecode 
***End of loop...@@change = false
***Processing section EXCLUSION
Single child...typcode = COMP
Single child...typcode = COMP
Single child...typcode = COMP
Single child...typcode = DURING
Single child...typcode = COMP
Single child...typcode = PRCN
section 
EXCLUSION.0
section 
EXCLUSION.0.0
section measure.pharyngitis_antibiotics_medication_dispensed
EXCLUSION.0.1
section measure.pharyngitis_antibiotics_medication_order
EXCLUSION.0.2
section measure.pharyngitis_antibiotics_medication_active
EXCLUSION.0.3
section measure.encounter_ambulatory_including_pediatrics_encounter
EXCLUSION.0.3.0.0
section measurement_period
mergeEventListDuringInterval -- section depth = 1 title  ph_id = measure.encounter_ambulatory_including_pediatrics_encounter
emitCode n11 status = emit pattern = eventlistduringinterval type = event_list value = eventsDuring(measure.encounter_ambulatory_including_pediatrics_encounter, measurement_period.start, measurement_period.end) depth = section['depth]
mergeEventListDuringIntervalFlat -- section depth = 2 title  ph_id = 
mergeEventListDuringIntervalFlat -- section depth = 1 title  ph_id = 
    section has children = 4
mergeEventListTimingInterval -- section depth = 2 title  ph_id = 
mergeEventListTimingInterval -- section depth = 1 title  ph_id = 
Too many children 4
mergeEventListTimingEventList -- section EXCLUSION depth = 2 title  ph_id = 
mergeEventListTimingEventListFlat -- section EXCLUSION.0  typecode PRCN
***End of loop...@@change = true
emitCode n12 status = emit pattern = merged_value_sets type = event_list value = normalize(measure.pharyngitis_antibiotics_medication_dispensed, measure.pharyngitis_antibiotics_medication_order, measure.pharyngitis_antibiotics_medication_active) depth = section['depth]
mergeEventListDuringIntervalFlat -- section depth = 2 title  ph_id = 
mergeEventListDuringIntervalFlat -- section depth = 1 title  ph_id = 
mergeEventListDuringIntervalFlat -- section depth = 1 title  ph_id = 
   echild type = event_list  typecode = 
   echild type = event_list  typecode = SBS
mergeEventListTimingInterval -- section depth = 2 title  ph_id = 
mergeEventListTimingInterval -- section depth = 1 title  ph_id = 
Too many children 2
mergeEventListTimingEventList -- section EXCLUSION depth = 2 title  ph_id = 
mergeEventListTimingEventListFlat -- section EXCLUSION.0  typecode PRCN
***End of loop...@@change = true
mergeEventListDuringIntervalFlat -- section depth = 2 title  ph_id = 
mergeEventListDuringIntervalFlat -- section depth = 1 title  ph_id = 
mergeEventListDuringIntervalFlat -- section depth = 1 title  ph_id = 
   echild type = event_list  typecode = 
   echild type = event_list  typecode = SBS
mergeEventListTimingInterval -- section depth = 2 title  ph_id = 
mergeEventListTimingInterval -- section depth = 1 title  ph_id = 
Too many children 2
mergeEventListTimingEventList -- section EXCLUSION depth = 2 title  ph_id = 
mergeEventListTimingEventListFlat -- section EXCLUSION.0  typecode PRCN
***End of loop...@@change = false
