infile = g/NQF0052_full.json outfile = h/NQF0052_full.json
***Processing section IPP
Single child...typcode = SBS
Single child...typcode = COMP
Single child...typcode = SBS
Single child...typcode = COMP
section 
IPP.0
section birthdate
IPP.0.0.0
section measurement_period
IPP.1
section birthdate
IPP.1.0.0
section measurement_period
mergedatetiminginterval -- section IPP.0 depth = 1 title Patient characteristic: birth date ph_id = birthdate
mergedatetiminginterval -- section IPP.1 depth = 1 title Patient characteristic: birth date ph_id = birthdate
emitCode n14 status = emit pattern = datetiminginterval type = date_single value = dateTimingInterval(birthdate, measurement_period.start, measurement_period.end, SBS, 18, 0 a, none, true, true ) depth = section['depth]
emitCode n15 status = emit pattern = datetiminginterval type = date_single value = dateTimingInterval(birthdate, measurement_period.start, measurement_period.end, SBS, 49, 0 a, none, true, true ) depth = section['depth]
mergeEventListTimingInterval -- section depth = 1 title  ph_id = 
Too many children 2
mergeEventListTimingEventListFlat -- section IPP  typecode 
mergeEventListTimingEventListSibling -- section IPP depth = 1 title  ph_id = 
node IPP has children = 2
***End of loop...@@change = true
mergeEventListTimingInterval -- section depth = 1 title  ph_id = 
Too many children 2
mergeEventListTimingEventListFlat -- section IPP  typecode 
mergeEventListTimingEventListSibling -- section IPP depth = 1 title  ph_id = 
node IPP has children = 2
***End of loop...@@change = false
***Processing section DENOM
Single child...typcode = DURING
Single child...typcode = COMP
Single child...typcode = SBS
Single child...typcode = COMP
Single child...typcode = EAS
Single child...typcode = COMP
Single child...typcode = EAS
Single child...typcode = COMP
Single child...typcode = EAS
Single child...typcode = COMP
Single child...typcode = EAS
Single child...typcode = COMP
Single child...typcode = DURING
Single child...typcode = COMP
Single child...typcode = DURING
Single child...typcode = COMP
section 
DENOM.0
section measure.diagnosis_low_back_pain
DENOM.0.0.0
section measure.diagnosis_low_back_pain
DENOM.0.0.0.0.0
section measurement_period
DENOM.1
section measure.diagnosis_active_cancer
DENOM.1.0.0
section measurement_period.end
DENOM.2
section measure.diagnosis_active_trauma
DENOM.2.0.0
section measurement_period.end
DENOM.3
section measure.diagnosis_active_iv_drug_abuse
DENOM.3.0.0
section measurement_period.end
DENOM.4
section measure.diagnosis_active_neurologic_impairment
DENOM.4.0.0
section measurement_period.end
DENOM.5
section 
DENOM.6
section measure.diagnosis_low_back_pain
DENOM.6.0.0
section measurement_period
DENOM.7
section measure.encounter_ambulatory_including_orthopedics_and_chiropractics
DENOM.7.0.0
section measurement_period
mergeEventListDuringInterval -- section depth = 1 title  ph_id = measure.diagnosis_low_back_pain
mergeEventListDuringInterval -- section depth = 1 title Diagnosis active: low back pain ph_id = measure.diagnosis_low_back_pain
mergeEventListDuringInterval -- section depth = 1 title Encounter: Encounter ambulatory including orthopedics and chiropractics ph_id = measure.encounter_ambulatory_including_orthopedics_and_chiropractics
emitCode n16 status = emit pattern = eventlistduringinterval type = event_list value = eventsDuring(measure.diagnosis_low_back_pain, measurement_period.start, measurement_period.end) depth = section['depth]
emitCode n16 status = emit pattern = eventlistduringinterval type = event_list value = eventsDuring(measure.diagnosis_low_back_pain, measurement_period.start, measurement_period.end) depth = section['depth]
emitCode n17 status = emit pattern = eventlistduringinterval type = event_list value = eventsDuring(measure.encounter_ambulatory_including_orthopedics_and_chiropractics, measurement_period.start, measurement_period.end) depth = section['depth]
mergeEventListTimingInterval -- section depth = 2 title  ph_id = 
mergeEventListTimingInterval -- section depth = 1 title Diagnosis active: low back pain ph_id = measure.diagnosis_low_back_pain
$$$ section type = event_list sectiontypecode = PRCN  childtypecode = SBS
mergeEventListTimingInterval -- section depth = 1 title Diagnosis active: cancer ph_id = measure.diagnosis_active_cancer
$$$ section type = event_list sectiontypecode = PRCN  childtypecode = EAS
mergeEventListTimingInterval -- section depth = 1 title Diagnosis active: cancer ph_id = measure.diagnosis_active_cancer
mergeEventListTimingInterval -- section depth = 1 title Diagnosis active: trauma ph_id = measure.diagnosis_active_trauma
$$$ section type = event_list sectiontypecode = PRCN  childtypecode = EAS
mergeEventListTimingInterval -- section depth = 1 title Diagnosis active: trauma ph_id = measure.diagnosis_active_trauma
mergeEventListTimingInterval -- section depth = 1 title Diagnosis active: IV drug abuse ph_id = measure.diagnosis_active_iv_drug_abuse
$$$ section type = event_list sectiontypecode = PRCN  childtypecode = EAS
mergeEventListTimingInterval -- section depth = 1 title Diagnosis active: IV drug abuse ph_id = measure.diagnosis_active_iv_drug_abuse
mergeEventListTimingInterval -- section depth = 1 title Diagnosis active: neurologic impairment ph_id = measure.diagnosis_active_neurologic_impairment
$$$ section type = event_list sectiontypecode = PRCN  childtypecode = EAS
mergeEventListTimingInterval -- section depth = 1 title Diagnosis active: neurologic impairment ph_id = measure.diagnosis_active_neurologic_impairment
mergeEventListTimingInterval -- section depth = 0 title Initial Patient Population ph_id = 
mergeEventListTimingInterval -- section depth = 0 title Diagnosis active: low back pain ph_id = measure.diagnosis_low_back_pain
mergeEventListTimingInterval -- section depth = 0 title Encounter: Encounter ambulatory including orthopedics and chiropractics ph_id = measure.encounter_ambulatory_including_orthopedics_and_chiropractics
emitCode n18 status = emit pattern = eventlisttimingeventlist type = event_list value = eventsTimingEvents(measure.diagnosis_active_cancer, measurement_period.end, measurement_period.end, true,EAS, 2,0, a, none, true, true) depth = section['depth]
emitCode n19 status = emit pattern = eventlisttimingeventlist type = event_list value = eventsTimingEvents(measure.diagnosis_active_trauma, measurement_period.end, measurement_period.end, true,EAS, 2,0, a, none, true, true) depth = section['depth]
emitCode n20 status = emit pattern = eventlisttimingeventlist type = event_list value = eventsTimingEvents(measure.diagnosis_active_iv_drug_abuse, measurement_period.end, measurement_period.end, true,EAS, 2,0, a, none, true, true) depth = section['depth]
emitCode n21 status = emit pattern = eventlisttimingeventlist type = event_list value = eventsTimingEvents(measure.diagnosis_active_neurologic_impairment, measurement_period.end, measurement_period.end, true,EAS, 2,0, a, none, true, true) depth = section['depth]
mergeEventListTimingEventList -- section DENOM depth = 2 title  ph_id = 
mergeEventListTimingEventListFlat -- section DENOM.0  typecode PRCN
emitCode n22 status = emit pattern = eventlisttimingeventlistflat type = event_list value = FIRST( eventsTimingEvents(measure.diagnosis_low_back_pain, n16, false, SBS, 0,0, none, none, true, true) ) depth = section['depth]
mergeEventListTimingEventListSibling -- section DENOM depth = 1 title  ph_id = 
node DENOM has children = 8
***End of loop...@@change = true
emitCode n23 status = emit pattern = merged_value_sets type = event_list value = normalize(n22, n18, n19, n20, n21) depth = section['depth]
mergeEventListTimingInterval -- section depth = 1 title  ph_id = 
Too many children 4
mergeEventListTimingEventListFlat -- section DENOM  typecode 
mergeEventListTimingEventListSibling -- section DENOM depth = 1 title  ph_id = 
node DENOM has children = 4
***End of loop...@@change = true
mergeEventListTimingInterval -- section depth = 1 title  ph_id = 
Too many children 4
mergeEventListTimingEventListFlat -- section DENOM  typecode 
mergeEventListTimingEventListSibling -- section DENOM depth = 1 title  ph_id = 
node DENOM has children = 4
***End of loop...@@change = false
***Processing section NUMER
Single child...typcode = DURING
Single child...typcode = COMP
Single child...typcode = SAS
Single child...typcode = COMP
Single child...typcode = PRCN
section 
NUMER.0
section measure.diagnostic_study_performed_imaging_study_spinal
NUMER.0.0.0
section measure.diagnosis_low_back_pain
NUMER.0.0.0.0.0
section measurement_period
mergeEventListDuringInterval -- section depth = 1 title  ph_id = measure.diagnosis_low_back_pain
emitCode n24 status = emit pattern = eventlistduringinterval type = event_list value = eventsDuring(measure.diagnosis_low_back_pain, measurement_period.start, measurement_period.end) depth = section['depth]
mergeEventListTimingInterval -- section depth = 2 title  ph_id = 
mergeEventListTimingInterval -- section depth = 1 title Diagnostic study performed: Imaging Study-Spinal ph_id = measure.diagnostic_study_performed_imaging_study_spinal
$$$ section type = event_list sectiontypecode = PRCN  childtypecode = SAS
mergeEventListTimingEventList -- section NUMER depth = 2 title  ph_id = 
mergeEventListTimingEventListFlat -- section NUMER.0  typecode PRCN
emitCode n25 status = emit pattern = eventlisttimingeventlistflat type = event_list value = FIRST( eventsTimingEvents(measure.diagnostic_study_performed_imaging_study_spinal, n24, false, SAS, 0,0, none, none, true, true) ) depth = section['depth]
mergeEventListTimingEventListSibling -- section NUMER depth = 1 title  ph_id = 
node NUMER has children = 1
***End of loop...@@change = true
mergeEventListTimingInterval -- section depth = 1 title  ph_id = 
$$$ section type = unknown sectiontypecode =   childtypecode = PRCN
mergeEventListTimingEventListFlat -- section NUMER  typecode 
mergeEventListTimingEventListSibling -- section NUMER depth = 1 title  ph_id = 
node NUMER has children = 1
***End of loop...@@change = false
